<?xml version="1.0" encoding="UTF-8"?>
<testng-results ignored="0" total="2" passed="2" failed="0" skipped="0">
  <reporter-output>
  </reporter-output>
  <suite started-at="2022-09-10T21:38:04 IST" name="Suite" finished-at="2022-09-10T21:38:07 IST" duration-ms="2356">
    <groups>
    </groups>
    <test started-at="2022-09-10T21:38:04 IST" name="Test" finished-at="2022-09-10T21:38:07 IST" duration-ms="2356">
      <class name="TestRunner.testtc1">
        <test-method is-config="true" signature="suitebefore()[pri:0, instance:TestRunner.testtc1@7ea9e1e2]" started-at="2022-09-10T21:38:04 IST" name="suitebefore" finished-at="2022-09-10T21:38:04 IST" duration-ms="8" status="PASS">
          <reporter-output>
          </reporter-output>
        </test-method> <!-- suitebefore -->
        <test-method is-config="true" signature="beforemethod()[pri:0, instance:TestRunner.testtc1@7ea9e1e2]" started-at="2022-09-10T21:38:04 IST" name="beforemethod" finished-at="2022-09-10T21:38:07 IST" duration-ms="2284" status="PASS">
          <reporter-output>
          </reporter-output>
        </test-method> <!-- beforemethod -->
        <test-method signature="tc1()[pri:0, instance:TestRunner.testtc1@7ea9e1e2]" started-at="2022-09-10T21:38:07 IST" name="tc1" finished-at="2022-09-10T21:38:07 IST" duration-ms="8" status="PASS">
          <reporter-output>
          </reporter-output>
        </test-method> <!-- tc1 -->
        <test-method signature="tc2()[pri:0, instance:TestRunner.testtc1@7ea9e1e2]" started-at="2022-09-10T21:38:07 IST" name="tc2" finished-at="2022-09-10T21:38:07 IST" duration-ms="2" status="PASS">
          <reporter-output>
          </reporter-output>
        </test-method> <!-- tc2 -->
        <test-method is-config="true" signature="suiteafter()[pri:0, instance:TestRunner.testtc1@7ea9e1e2]" started-at="2022-09-10T21:38:07 IST" name="suiteafter" finished-at="2022-09-10T21:38:07 IST" duration-ms="0" status="PASS">
          <reporter-output>
          </reporter-output>
        </test-method> <!-- suiteafter -->
      </class> <!-- TestRunner.testtc1 -->
    </test> <!-- Test -->
  </suite> <!-- Suite -->
</testng-results>
